TN:
SF:src/app.js
FNF:0
FNH:0
DA:1,1
DA:2,1
DA:3,1
DA:4,1
DA:6,1
DA:7,1
DA:8,1
DA:10,1
DA:12,1
LF:9
LH:9
BRF:0
BRH:0
end_of_record
TN:
SF:src/controllers/FilesController.js
FN:15,FilesController
FN:37,initialize
FN:49,_listObjects
FN:50,(anonymous_4)
FN:61,(anonymous_5)
FN:61,_callee
FN:66,(anonymous_8)
FN:78,_getPresignedUrl
FN:20,mountController
FN:24,_createS3Client
FN:30,_handleUnknownError
FNF:11
FNH:11
FNDA:1,FilesController
FNDA:1,initialize
FNDA:4,_listObjects
FNDA:4,(anonymous_4)
FNDA:8,(anonymous_5)
FNDA:9,_callee
FNDA:6,(anonymous_8)
FNDA:2,_getPresignedUrl
FNDA:1,mountController
FNDA:6,_createS3Client
FNDA:2,_handleUnknownError
DA:1,1
DA:2,1
DA:3,1
DA:4,1
DA:15,3
DA:16,1
DA:17,1
DA:21,1
DA:25,6
DA:31,2
DA:32,2
DA:38,1
DA:43,1
DA:49,4
DA:50,4
DA:51,4
DA:53,4
DA:57,4
DA:58,1
DA:61,66
DA:63,1
DA:65,3
DA:66,6
DA:71,3
DA:79,2
DA:80,2
DA:86,2
DA:116,2
DA:118,1
DA:144,1
DA:152,1
DA:154,1
LF:32
LH:32
BRDA:57,0,0,1
BRDA:57,0,1,3
BRDA:61,1,0,4
BRDA:61,1,1,3
BRDA:61,1,2,1
BRDA:61,1,3,2
BRDA:61,1,4,3
BRDA:61,1,5,4
BRDA:61,1,6,4
BRDA:61,2,0,5
BRDA:61,2,1,2
BRDA:26,3,0,6
BRDA:26,3,1,6
BRF:13
BRH:13
end_of_record
TN:
SF:src/models/File.js
FN:8,File
FN:14,fromS3Item
FNF:2
FNH:2
FNDA:12,File
FNDA:12,fromS3Item
DA:8,48
DA:9,12
DA:10,12
DA:11,12
DA:15,12
LF:5
LH:5
BRF:0
BRH:0
end_of_record
TN:
SF:src/utils/response.js
FN:2,respond
FNF:1
FNH:1
FNDA:6,respond
DA:3,6
DA:6,6
LF:2
LH:2
BRDA:4,0,0,6
BRDA:4,0,1,6
BRF:2
BRH:2
end_of_record
